2022-01-13 11:25:34,831 INFO 18160 [egg-schedule]: register schedule D:\learn\lagou\github\node-note\exampels\egg\node_modules\.pnpm\registry.npmmirror.com+egg-multipart@2.13.1\node_modules\egg-multipart\app\schedule\clean_tmpdir.js
2022-01-13 11:25:34,831 INFO 18160 [egg-schedule]: register schedule D:\learn\lagou\github\node-note\exampels\egg\node_modules\.pnpm\registry.npmmirror.com+egg-logrotator@3.1.0\node_modules\egg-logrotator\app\schedule\clean_log.js
2022-01-13 11:25:34,831 INFO 18160 [egg-schedule]: register schedule D:\learn\lagou\github\node-note\exampels\egg\node_modules\.pnpm\registry.npmmirror.com+egg-logrotator@3.1.0\node_modules\egg-logrotator\app\schedule\rotate_by_file.js
2022-01-13 11:25:35,643 INFO 22920 [Timer] D:\learn\lagou\github\node-note\exampels\egg\node_modules\.pnpm\registry.npmmirror.com+egg-multipart@2.13.1\node_modules\egg-multipart\app\schedule\clean_tmpdir.js next time will execute after 61464360ms at 2022-01-14 04:30:00.003
2022-01-13 11:25:35,643 INFO 22920 [Timer] D:\learn\lagou\github\node-note\exampels\egg\node_modules\.pnpm\registry.npmmirror.com+egg-logrotator@3.1.0\node_modules\egg-logrotator\app\schedule\clean_log.js next time will execute after 45264357ms at 2022-01-14 00:00:00.000
2022-01-13 11:25:35,644 INFO 22920 [Timer] D:\learn\lagou\github\node-note\exampels\egg\node_modules\.pnpm\registry.npmmirror.com+egg-logrotator@3.1.0\node_modules\egg-logrotator\app\schedule\rotate_by_file.js next time will execute after 45265357ms at 2022-01-14 00:00:01.001
2022-01-13 11:26:47,792 INFO 3124 [Timer] D:\learn\lagou\github\node-note\exampels\egg\node_modules\.pnpm\registry.npmmirror.com+egg-multipart@2.13.1\node_modules\egg-multipart\app\schedule\clean_tmpdir.js next time will execute after 61392211ms at 2022-01-14 04:30:00.003
2022-01-13 11:26:47,792 INFO 3124 [Timer] D:\learn\lagou\github\node-note\exampels\egg\node_modules\.pnpm\registry.npmmirror.com+egg-logrotator@3.1.0\node_modules\egg-logrotator\app\schedule\clean_log.js next time will execute after 45192208ms at 2022-01-14 00:00:00.000
2022-01-13 11:26:47,793 INFO 3124 [Timer] D:\learn\lagou\github\node-note\exampels\egg\node_modules\.pnpm\registry.npmmirror.com+egg-logrotator@3.1.0\node_modules\egg-logrotator\app\schedule\rotate_by_file.js next time will execute after 45193208ms at 2022-01-14 00:00:01.001
2022-01-13 11:26:47,591 INFO 4004 [egg-schedule]: register schedule D:\learn\lagou\github\node-note\exampels\egg\node_modules\.pnpm\registry.npmmirror.com+egg-multipart@2.13.1\node_modules\egg-multipart\app\schedule\clean_tmpdir.js
2022-01-13 11:26:47,591 INFO 4004 [egg-schedule]: register schedule D:\learn\lagou\github\node-note\exampels\egg\node_modules\.pnpm\registry.npmmirror.com+egg-logrotator@3.1.0\node_modules\egg-logrotator\app\schedule\clean_log.js
2022-01-13 11:26:47,591 INFO 4004 [egg-schedule]: register schedule D:\learn\lagou\github\node-note\exampels\egg\node_modules\.pnpm\registry.npmmirror.com+egg-logrotator@3.1.0\node_modules\egg-logrotator\app\schedule\rotate_by_file.js
2022-01-13 11:28:50,367 INFO 1432 [Timer] D:\learn\lagou\github\node-note\exampels\egg\node_modules\.pnpm\registry.npmmirror.com+egg-multipart@2.13.1\node_modules\egg-multipart\app\schedule\clean_tmpdir.js next time will execute after 61269636ms at 2022-01-14 04:30:00.003
2022-01-13 11:28:50,367 INFO 1432 [Timer] D:\learn\lagou\github\node-note\exampels\egg\node_modules\.pnpm\registry.npmmirror.com+egg-logrotator@3.1.0\node_modules\egg-logrotator\app\schedule\clean_log.js next time will execute after 45069633ms at 2022-01-14 00:00:00.000
2022-01-13 11:28:50,367 INFO 1432 [Timer] D:\learn\lagou\github\node-note\exampels\egg\node_modules\.pnpm\registry.npmmirror.com+egg-logrotator@3.1.0\node_modules\egg-logrotator\app\schedule\rotate_by_file.js next time will execute after 45070633ms at 2022-01-14 00:00:01.000
2022-01-13 11:28:50,173 INFO 19700 [egg-schedule]: register schedule D:\learn\lagou\github\node-note\exampels\egg\node_modules\.pnpm\registry.npmmirror.com+egg-multipart@2.13.1\node_modules\egg-multipart\app\schedule\clean_tmpdir.js
2022-01-13 11:28:50,173 INFO 19700 [egg-schedule]: register schedule D:\learn\lagou\github\node-note\exampels\egg\node_modules\.pnpm\registry.npmmirror.com+egg-logrotator@3.1.0\node_modules\egg-logrotator\app\schedule\clean_log.js
2022-01-13 11:28:50,173 INFO 19700 [egg-schedule]: register schedule D:\learn\lagou\github\node-note\exampels\egg\node_modules\.pnpm\registry.npmmirror.com+egg-logrotator@3.1.0\node_modules\egg-logrotator\app\schedule\rotate_by_file.js
2022-01-13 11:31:42,721 INFO 19516 [egg-schedule]: register schedule D:\learn\lagou\github\node-note\exampels\egg\node_modules\.pnpm\registry.npmmirror.com+egg-multipart@2.13.1\node_modules\egg-multipart\app\schedule\clean_tmpdir.js
2022-01-13 11:31:42,721 INFO 19516 [egg-schedule]: register schedule D:\learn\lagou\github\node-note\exampels\egg\node_modules\.pnpm\registry.npmmirror.com+egg-logrotator@3.1.0\node_modules\egg-logrotator\app\schedule\clean_log.js
2022-01-13 11:31:42,721 INFO 19516 [egg-schedule]: register schedule D:\learn\lagou\github\node-note\exampels\egg\node_modules\.pnpm\registry.npmmirror.com+egg-logrotator@3.1.0\node_modules\egg-logrotator\app\schedule\rotate_by_file.js
2022-01-13 11:32:03,165 INFO 4224 [Timer] D:\learn\lagou\github\node-note\exampels\egg\node_modules\.pnpm\registry.npmmirror.com+egg-multipart@2.13.1\node_modules\egg-multipart\app\schedule\clean_tmpdir.js next time will execute after 61076839ms at 2022-01-14 04:30:00.004
2022-01-13 11:32:03,165 INFO 4224 [Timer] D:\learn\lagou\github\node-note\exampels\egg\node_modules\.pnpm\registry.npmmirror.com+egg-logrotator@3.1.0\node_modules\egg-logrotator\app\schedule\clean_log.js next time will execute after 44876835ms at 2022-01-14 00:00:00.000
2022-01-13 11:32:03,165 INFO 4224 [Timer] D:\learn\lagou\github\node-note\exampels\egg\node_modules\.pnpm\registry.npmmirror.com+egg-logrotator@3.1.0\node_modules\egg-logrotator\app\schedule\rotate_by_file.js next time will execute after 44877835ms at 2022-01-14 00:00:01.000
2022-01-13 11:32:02,972 INFO 23572 [egg-schedule]: register schedule D:\learn\lagou\github\node-note\exampels\egg\node_modules\.pnpm\registry.npmmirror.com+egg-multipart@2.13.1\node_modules\egg-multipart\app\schedule\clean_tmpdir.js
2022-01-13 11:32:02,972 INFO 23572 [egg-schedule]: register schedule D:\learn\lagou\github\node-note\exampels\egg\node_modules\.pnpm\registry.npmmirror.com+egg-logrotator@3.1.0\node_modules\egg-logrotator\app\schedule\clean_log.js
2022-01-13 11:32:02,972 INFO 23572 [egg-schedule]: register schedule D:\learn\lagou\github\node-note\exampels\egg\node_modules\.pnpm\registry.npmmirror.com+egg-logrotator@3.1.0\node_modules\egg-logrotator\app\schedule\rotate_by_file.js
2022-01-13 11:34:50,081 INFO 7388 [egg-schedule]: register schedule D:\learn\lagou\github\node-note\exampels\egg\node_modules\.pnpm\registry.npmmirror.com+egg-multipart@2.13.1\node_modules\egg-multipart\app\schedule\clean_tmpdir.js
2022-01-13 11:34:50,082 INFO 7388 [egg-schedule]: register schedule D:\learn\lagou\github\node-note\exampels\egg\node_modules\.pnpm\registry.npmmirror.com+egg-logrotator@3.1.0\node_modules\egg-logrotator\app\schedule\clean_log.js
2022-01-13 11:34:50,082 INFO 7388 [egg-schedule]: register schedule D:\learn\lagou\github\node-note\exampels\egg\node_modules\.pnpm\registry.npmmirror.com+egg-logrotator@3.1.0\node_modules\egg-logrotator\app\schedule\rotate_by_file.js
2022-01-13 11:37:13,379 INFO 8164 [Timer] D:\learn\lagou\github\node-note\exampels\egg\node_modules\.pnpm\registry.npmmirror.com+egg-multipart@2.13.1\node_modules\egg-multipart\app\schedule\clean_tmpdir.js next time will execute after 60766624ms at 2022-01-14 04:30:00.003
2022-01-13 11:37:13,379 INFO 8164 [Timer] D:\learn\lagou\github\node-note\exampels\egg\node_modules\.pnpm\registry.npmmirror.com+egg-logrotator@3.1.0\node_modules\egg-logrotator\app\schedule\clean_log.js next time will execute after 44566621ms at 2022-01-14 00:00:00.000
2022-01-13 11:37:13,379 INFO 8164 [Timer] D:\learn\lagou\github\node-note\exampels\egg\node_modules\.pnpm\registry.npmmirror.com+egg-logrotator@3.1.0\node_modules\egg-logrotator\app\schedule\rotate_by_file.js next time will execute after 44567621ms at 2022-01-14 00:00:01.000
2022-01-13 11:37:13,162 INFO 24412 [egg-schedule]: register schedule D:\learn\lagou\github\node-note\exampels\egg\node_modules\.pnpm\registry.npmmirror.com+egg-multipart@2.13.1\node_modules\egg-multipart\app\schedule\clean_tmpdir.js
2022-01-13 11:37:13,162 INFO 24412 [egg-schedule]: register schedule D:\learn\lagou\github\node-note\exampels\egg\node_modules\.pnpm\registry.npmmirror.com+egg-logrotator@3.1.0\node_modules\egg-logrotator\app\schedule\clean_log.js
2022-01-13 11:37:13,162 INFO 24412 [egg-schedule]: register schedule D:\learn\lagou\github\node-note\exampels\egg\node_modules\.pnpm\registry.npmmirror.com+egg-logrotator@3.1.0\node_modules\egg-logrotator\app\schedule\rotate_by_file.js
2022-01-13 11:48:05,380 INFO 11084 [Timer] D:\learn\lagou\github\node-note\exampels\egg\node_modules\.pnpm\registry.npmmirror.com+egg-multipart@2.13.1\node_modules\egg-multipart\app\schedule\clean_tmpdir.js next time will execute after 60114623ms at 2022-01-14 04:30:00.003
2022-01-13 11:48:05,380 INFO 11084 [Timer] D:\learn\lagou\github\node-note\exampels\egg\node_modules\.pnpm\registry.npmmirror.com+egg-logrotator@3.1.0\node_modules\egg-logrotator\app\schedule\clean_log.js next time will execute after 43914620ms at 2022-01-14 00:00:00.000
2022-01-13 11:48:05,381 INFO 11084 [Timer] D:\learn\lagou\github\node-note\exampels\egg\node_modules\.pnpm\registry.npmmirror.com+egg-logrotator@3.1.0\node_modules\egg-logrotator\app\schedule\rotate_by_file.js next time will execute after 43915620ms at 2022-01-14 00:00:01.001
2022-01-13 11:48:05,180 INFO 11684 [egg-schedule]: register schedule D:\learn\lagou\github\node-note\exampels\egg\node_modules\.pnpm\registry.npmmirror.com+egg-multipart@2.13.1\node_modules\egg-multipart\app\schedule\clean_tmpdir.js
2022-01-13 11:48:05,181 INFO 11684 [egg-schedule]: register schedule D:\learn\lagou\github\node-note\exampels\egg\node_modules\.pnpm\registry.npmmirror.com+egg-logrotator@3.1.0\node_modules\egg-logrotator\app\schedule\clean_log.js
2022-01-13 11:48:05,181 INFO 11684 [egg-schedule]: register schedule D:\learn\lagou\github\node-note\exampels\egg\node_modules\.pnpm\registry.npmmirror.com+egg-logrotator@3.1.0\node_modules\egg-logrotator\app\schedule\rotate_by_file.js
2022-01-13 15:31:50,919 INFO 10720 [egg-schedule]: register schedule D:\learn\lagou\github\node-note\exampels\egg\node_modules\.pnpm\registry.npmmirror.com+egg-multipart@2.13.1\node_modules\egg-multipart\app\schedule\clean_tmpdir.js
2022-01-13 15:31:50,919 INFO 10720 [egg-schedule]: register schedule D:\learn\lagou\github\node-note\exampels\egg\node_modules\.pnpm\registry.npmmirror.com+egg-logrotator@3.1.0\node_modules\egg-logrotator\app\schedule\clean_log.js
2022-01-13 15:31:50,919 INFO 10720 [egg-schedule]: register schedule D:\learn\lagou\github\node-note\exampels\egg\node_modules\.pnpm\registry.npmmirror.com+egg-logrotator@3.1.0\node_modules\egg-logrotator\app\schedule\rotate_by_file.js
2022-01-13 15:31:52,737 INFO 10808 [egg-schedule]: register schedule D:\learn\lagou\github\node-note\exampels\egg\node_modules\.pnpm\registry.npmmirror.com+egg-multipart@2.13.1\node_modules\egg-multipart\app\schedule\clean_tmpdir.js
2022-01-13 15:31:52,737 INFO 10808 [egg-schedule]: register schedule D:\learn\lagou\github\node-note\exampels\egg\node_modules\.pnpm\registry.npmmirror.com+egg-logrotator@3.1.0\node_modules\egg-logrotator\app\schedule\clean_log.js
2022-01-13 15:31:52,737 INFO 10808 [egg-schedule]: register schedule D:\learn\lagou\github\node-note\exampels\egg\node_modules\.pnpm\registry.npmmirror.com+egg-logrotator@3.1.0\node_modules\egg-logrotator\app\schedule\rotate_by_file.js
2022-01-13 15:31:54,218 INFO 7380 [egg-schedule]: register schedule D:\learn\lagou\github\node-note\exampels\egg\node_modules\.pnpm\registry.npmmirror.com+egg-multipart@2.13.1\node_modules\egg-multipart\app\schedule\clean_tmpdir.js
2022-01-13 15:31:54,218 INFO 7380 [egg-schedule]: register schedule D:\learn\lagou\github\node-note\exampels\egg\node_modules\.pnpm\registry.npmmirror.com+egg-logrotator@3.1.0\node_modules\egg-logrotator\app\schedule\clean_log.js
2022-01-13 15:31:54,218 INFO 7380 [egg-schedule]: register schedule D:\learn\lagou\github\node-note\exampels\egg\node_modules\.pnpm\registry.npmmirror.com+egg-logrotator@3.1.0\node_modules\egg-logrotator\app\schedule\rotate_by_file.js
2022-01-13 15:47:28,114 INFO 5996 [egg-schedule]: register schedule D:\learn\lagou\github\node-note\exampels\egg\node_modules\.pnpm\registry.npmmirror.com+egg-multipart@2.13.1\node_modules\egg-multipart\app\schedule\clean_tmpdir.js
2022-01-13 15:47:28,114 INFO 5996 [egg-schedule]: register schedule D:\learn\lagou\github\node-note\exampels\egg\node_modules\.pnpm\registry.npmmirror.com+egg-logrotator@3.1.0\node_modules\egg-logrotator\app\schedule\clean_log.js
2022-01-13 15:47:28,114 INFO 5996 [egg-schedule]: register schedule D:\learn\lagou\github\node-note\exampels\egg\node_modules\.pnpm\registry.npmmirror.com+egg-logrotator@3.1.0\node_modules\egg-logrotator\app\schedule\rotate_by_file.js
2022-01-13 17:06:53,237 INFO 8996 [egg-schedule]: register schedule D:\learn\lagou\github\node-note\exampels\egg\node_modules\.pnpm\registry.npmmirror.com+egg-multipart@2.13.1\node_modules\egg-multipart\app\schedule\clean_tmpdir.js
2022-01-13 17:06:53,237 INFO 8996 [egg-schedule]: register schedule D:\learn\lagou\github\node-note\exampels\egg\node_modules\.pnpm\registry.npmmirror.com+egg-logrotator@3.1.0\node_modules\egg-logrotator\app\schedule\clean_log.js
2022-01-13 17:06:53,238 INFO 8996 [egg-schedule]: register schedule D:\learn\lagou\github\node-note\exampels\egg\node_modules\.pnpm\registry.npmmirror.com+egg-logrotator@3.1.0\node_modules\egg-logrotator\app\schedule\rotate_by_file.js
2022-01-13 17:06:55,064 INFO 16964 [egg-schedule]: register schedule D:\learn\lagou\github\node-note\exampels\egg\node_modules\.pnpm\registry.npmmirror.com+egg-multipart@2.13.1\node_modules\egg-multipart\app\schedule\clean_tmpdir.js
2022-01-13 17:06:55,064 INFO 16964 [egg-schedule]: register schedule D:\learn\lagou\github\node-note\exampels\egg\node_modules\.pnpm\registry.npmmirror.com+egg-logrotator@3.1.0\node_modules\egg-logrotator\app\schedule\clean_log.js
2022-01-13 17:06:55,064 INFO 16964 [egg-schedule]: register schedule D:\learn\lagou\github\node-note\exampels\egg\node_modules\.pnpm\registry.npmmirror.com+egg-logrotator@3.1.0\node_modules\egg-logrotator\app\schedule\rotate_by_file.js
2022-01-13 17:08:02,621 INFO 7104 [egg-schedule]: register schedule D:\learn\lagou\github\node-note\exampels\egg\node_modules\.pnpm\registry.npmmirror.com+egg-multipart@2.13.1\node_modules\egg-multipart\app\schedule\clean_tmpdir.js
2022-01-13 17:08:02,621 INFO 7104 [egg-schedule]: register schedule D:\learn\lagou\github\node-note\exampels\egg\node_modules\.pnpm\registry.npmmirror.com+egg-logrotator@3.1.0\node_modules\egg-logrotator\app\schedule\clean_log.js
2022-01-13 17:08:02,622 INFO 7104 [egg-schedule]: register schedule D:\learn\lagou\github\node-note\exampels\egg\node_modules\.pnpm\registry.npmmirror.com+egg-logrotator@3.1.0\node_modules\egg-logrotator\app\schedule\rotate_by_file.js
2022-01-13 17:09:22,850 INFO 15788 [egg-schedule]: register schedule D:\learn\lagou\github\node-note\exampels\egg\node_modules\.pnpm\registry.npmmirror.com+egg-multipart@2.13.1\node_modules\egg-multipart\app\schedule\clean_tmpdir.js
2022-01-13 17:09:22,850 INFO 15788 [egg-schedule]: register schedule D:\learn\lagou\github\node-note\exampels\egg\node_modules\.pnpm\registry.npmmirror.com+egg-logrotator@3.1.0\node_modules\egg-logrotator\app\schedule\clean_log.js
2022-01-13 17:09:22,850 INFO 15788 [egg-schedule]: register schedule D:\learn\lagou\github\node-note\exampels\egg\node_modules\.pnpm\registry.npmmirror.com+egg-logrotator@3.1.0\node_modules\egg-logrotator\app\schedule\rotate_by_file.js
2022-01-13 17:09:32,900 INFO 14404 [egg-schedule]: register schedule D:\learn\lagou\github\node-note\exampels\egg\node_modules\.pnpm\registry.npmmirror.com+egg-multipart@2.13.1\node_modules\egg-multipart\app\schedule\clean_tmpdir.js
2022-01-13 17:09:32,901 INFO 14404 [egg-schedule]: register schedule D:\learn\lagou\github\node-note\exampels\egg\node_modules\.pnpm\registry.npmmirror.com+egg-logrotator@3.1.0\node_modules\egg-logrotator\app\schedule\clean_log.js
2022-01-13 17:09:32,901 INFO 14404 [egg-schedule]: register schedule D:\learn\lagou\github\node-note\exampels\egg\node_modules\.pnpm\registry.npmmirror.com+egg-logrotator@3.1.0\node_modules\egg-logrotator\app\schedule\rotate_by_file.js
2022-01-13 17:09:37,734 INFO 26112 [egg-schedule]: register schedule D:\learn\lagou\github\node-note\exampels\egg\node_modules\.pnpm\registry.npmmirror.com+egg-multipart@2.13.1\node_modules\egg-multipart\app\schedule\clean_tmpdir.js
2022-01-13 17:09:37,734 INFO 26112 [egg-schedule]: register schedule D:\learn\lagou\github\node-note\exampels\egg\node_modules\.pnpm\registry.npmmirror.com+egg-logrotator@3.1.0\node_modules\egg-logrotator\app\schedule\clean_log.js
2022-01-13 17:09:37,734 INFO 26112 [egg-schedule]: register schedule D:\learn\lagou\github\node-note\exampels\egg\node_modules\.pnpm\registry.npmmirror.com+egg-logrotator@3.1.0\node_modules\egg-logrotator\app\schedule\rotate_by_file.js
2022-01-13 17:09:54,678 INFO 2864 [egg-schedule]: register schedule D:\learn\lagou\github\node-note\exampels\egg\node_modules\.pnpm\registry.npmmirror.com+egg-multipart@2.13.1\node_modules\egg-multipart\app\schedule\clean_tmpdir.js
2022-01-13 17:09:54,678 INFO 2864 [egg-schedule]: register schedule D:\learn\lagou\github\node-note\exampels\egg\node_modules\.pnpm\registry.npmmirror.com+egg-logrotator@3.1.0\node_modules\egg-logrotator\app\schedule\clean_log.js
2022-01-13 17:09:54,679 INFO 2864 [egg-schedule]: register schedule D:\learn\lagou\github\node-note\exampels\egg\node_modules\.pnpm\registry.npmmirror.com+egg-logrotator@3.1.0\node_modules\egg-logrotator\app\schedule\rotate_by_file.js
2022-01-13 17:27:49,710 INFO 5384 [egg-schedule]: register schedule D:\learn\lagou\github\node-note\exampels\egg\node_modules\.pnpm\registry.npmmirror.com+egg-multipart@2.13.1\node_modules\egg-multipart\app\schedule\clean_tmpdir.js
2022-01-13 17:27:49,710 INFO 5384 [egg-schedule]: register schedule D:\learn\lagou\github\node-note\exampels\egg\node_modules\.pnpm\registry.npmmirror.com+egg-logrotator@3.1.0\node_modules\egg-logrotator\app\schedule\clean_log.js
2022-01-13 17:27:49,711 INFO 5384 [egg-schedule]: register schedule D:\learn\lagou\github\node-note\exampels\egg\node_modules\.pnpm\registry.npmmirror.com+egg-logrotator@3.1.0\node_modules\egg-logrotator\app\schedule\rotate_by_file.js
2022-01-13 17:28:18,725 INFO 3252 [egg-schedule]: register schedule D:\learn\lagou\github\node-note\exampels\egg\node_modules\.pnpm\registry.npmmirror.com+egg-multipart@2.13.1\node_modules\egg-multipart\app\schedule\clean_tmpdir.js
2022-01-13 17:28:18,725 INFO 3252 [egg-schedule]: register schedule D:\learn\lagou\github\node-note\exampels\egg\node_modules\.pnpm\registry.npmmirror.com+egg-logrotator@3.1.0\node_modules\egg-logrotator\app\schedule\clean_log.js
2022-01-13 17:28:18,725 INFO 3252 [egg-schedule]: register schedule D:\learn\lagou\github\node-note\exampels\egg\node_modules\.pnpm\registry.npmmirror.com+egg-logrotator@3.1.0\node_modules\egg-logrotator\app\schedule\rotate_by_file.js
2022-01-13 17:28:51,601 INFO 25184 [egg-schedule]: register schedule D:\learn\lagou\github\node-note\exampels\egg\node_modules\.pnpm\registry.npmmirror.com+egg-multipart@2.13.1\node_modules\egg-multipart\app\schedule\clean_tmpdir.js
2022-01-13 17:28:51,601 INFO 25184 [egg-schedule]: register schedule D:\learn\lagou\github\node-note\exampels\egg\node_modules\.pnpm\registry.npmmirror.com+egg-logrotator@3.1.0\node_modules\egg-logrotator\app\schedule\clean_log.js
2022-01-13 17:28:51,601 INFO 25184 [egg-schedule]: register schedule D:\learn\lagou\github\node-note\exampels\egg\node_modules\.pnpm\registry.npmmirror.com+egg-logrotator@3.1.0\node_modules\egg-logrotator\app\schedule\rotate_by_file.js
2022-01-13 17:29:38,064 INFO 17036 [egg-schedule]: register schedule D:\learn\lagou\github\node-note\exampels\egg\node_modules\.pnpm\registry.npmmirror.com+egg-multipart@2.13.1\node_modules\egg-multipart\app\schedule\clean_tmpdir.js
2022-01-13 17:29:38,064 INFO 17036 [egg-schedule]: register schedule D:\learn\lagou\github\node-note\exampels\egg\node_modules\.pnpm\registry.npmmirror.com+egg-logrotator@3.1.0\node_modules\egg-logrotator\app\schedule\clean_log.js
2022-01-13 17:29:38,064 INFO 17036 [egg-schedule]: register schedule D:\learn\lagou\github\node-note\exampels\egg\node_modules\.pnpm\registry.npmmirror.com+egg-logrotator@3.1.0\node_modules\egg-logrotator\app\schedule\rotate_by_file.js
2022-01-13 17:29:50,231 INFO 22300 [egg-schedule]: register schedule D:\learn\lagou\github\node-note\exampels\egg\node_modules\.pnpm\registry.npmmirror.com+egg-multipart@2.13.1\node_modules\egg-multipart\app\schedule\clean_tmpdir.js
2022-01-13 17:29:50,231 INFO 22300 [egg-schedule]: register schedule D:\learn\lagou\github\node-note\exampels\egg\node_modules\.pnpm\registry.npmmirror.com+egg-logrotator@3.1.0\node_modules\egg-logrotator\app\schedule\clean_log.js
2022-01-13 17:29:50,231 INFO 22300 [egg-schedule]: register schedule D:\learn\lagou\github\node-note\exampels\egg\node_modules\.pnpm\registry.npmmirror.com+egg-logrotator@3.1.0\node_modules\egg-logrotator\app\schedule\rotate_by_file.js
2022-01-13 17:30:13,136 INFO 24276 [egg-schedule]: register schedule D:\learn\lagou\github\node-note\exampels\egg\node_modules\.pnpm\registry.npmmirror.com+egg-multipart@2.13.1\node_modules\egg-multipart\app\schedule\clean_tmpdir.js
2022-01-13 17:30:13,136 INFO 24276 [egg-schedule]: register schedule D:\learn\lagou\github\node-note\exampels\egg\node_modules\.pnpm\registry.npmmirror.com+egg-logrotator@3.1.0\node_modules\egg-logrotator\app\schedule\clean_log.js
2022-01-13 17:30:13,137 INFO 24276 [egg-schedule]: register schedule D:\learn\lagou\github\node-note\exampels\egg\node_modules\.pnpm\registry.npmmirror.com+egg-logrotator@3.1.0\node_modules\egg-logrotator\app\schedule\rotate_by_file.js
2022-01-13 17:30:22,059 INFO 17820 [egg-schedule]: register schedule D:\learn\lagou\github\node-note\exampels\egg\node_modules\.pnpm\registry.npmmirror.com+egg-multipart@2.13.1\node_modules\egg-multipart\app\schedule\clean_tmpdir.js
2022-01-13 17:30:22,059 INFO 17820 [egg-schedule]: register schedule D:\learn\lagou\github\node-note\exampels\egg\node_modules\.pnpm\registry.npmmirror.com+egg-logrotator@3.1.0\node_modules\egg-logrotator\app\schedule\clean_log.js
2022-01-13 17:30:22,060 INFO 17820 [egg-schedule]: register schedule D:\learn\lagou\github\node-note\exampels\egg\node_modules\.pnpm\registry.npmmirror.com+egg-logrotator@3.1.0\node_modules\egg-logrotator\app\schedule\rotate_by_file.js
